<?xml version="1.1" encoding="UTF-8"?>
<testsuite name="QueueTest" tests="3" failures="0" errors="0" timestamp="2017-03-23T10:36:21" hostname="ip-172-31-9-238" time="0.014">
  <properties/>
  <testcase name="test_frontValue" classname="QueueTest" time="0.006"/>
  <testcase name="test_dequeue" classname="QueueTest" time="0.001"/>
  <testcase name="test_enqueue" classname="QueueTest" time="0.001"/>
  <system-out><![CDATA[]]></system-out>
  <system-err><![CDATA[]]></system-err>
</testsuite>
